2018-01-29 11:43:39,712 INFO ----------------------------------
2018-01-29 11:43:39,712 INFO Pre-train a neural conversation model
2018-01-29 11:43:39,712 INFO ----------------------------------
2018-01-29 11:43:39,712 INFO Args:
2018-01-29 11:43:39,712 INFO Namespace(batch_size=168, d_learning_rate=0.001, emb_dim=128, exp_dir='exp/weibo/', g_learning_rate=0.001, hidden_dim=256, max_vocab_size=20000, mode='pretrain', n_layers=1, num_epoch=10, print_every=100, response_max_len=15, resume=False, resume_dir=None, resume_epoch=None, train_query_file='dataset/weibo/stc_weibo_train_post', train_response_file='dataset/weibo/stc_weibo_train_response', use_cuda=True, valid_query_file='dataset/weibo/stc_weibo_valid_post', valid_response_file='dataset/weibo/stc_weibo_valid_response', vocab_file='vocab.707749')
2018-01-29 11:43:39,712 INFO Vocabulary from vocab.707749
2018-01-29 11:43:39,712 INFO vocabulary size: 20000
2018-01-29 11:43:39,712 INFO Loading text data from dataset/weibo/stc_weibo_train_post and dataset/weibo/stc_weibo_train_response
2018-01-29 11:43:39,713 INFO ---------------------training--------------------------
2018-01-29 11:43:39,713 INFO Epoch: 0/10
2018-01-29 11:43:40,181 INFO Step     0: (per word) training perplexity 20067.24 (213.4 iters/sec)
2018-01-29 11:44:06,195 INFO Step   100: (per word) training perplexity 644.42 (3.8 iters/sec)
2018-01-29 11:44:32,155 INFO Step   200: (per word) training perplexity 367.47 (3.9 iters/sec)
2018-01-29 11:44:58,091 INFO Step   300: (per word) training perplexity 317.36 (3.9 iters/sec)
2018-01-29 11:45:24,051 INFO Step   400: (per word) training perplexity 286.20 (3.9 iters/sec)
2018-01-29 11:45:50,043 INFO Step   500: (per word) training perplexity 265.34 (3.9 iters/sec)
2018-01-29 11:46:16,046 INFO Step   600: (per word) training perplexity 247.88 (3.9 iters/sec)
2018-01-29 11:46:41,998 INFO Step   700: (per word) training perplexity 235.31 (3.9 iters/sec)
2018-01-29 11:47:07,990 INFO Step   800: (per word) training perplexity 223.58 (3.9 iters/sec)
2018-01-29 11:47:34,074 INFO Step   900: (per word) training perplexity 211.59 (3.8 iters/sec)
2018-01-29 11:48:00,151 INFO Step  1000: (per word) training perplexity 207.37 (3.9 iters/sec)
2018-01-29 11:48:26,177 INFO Step  1100: (per word) training perplexity 200.58 (3.9 iters/sec)
2018-01-29 11:48:52,253 INFO Step  1200: (per word) training perplexity 194.36 (3.9 iters/sec)
2018-01-29 11:49:18,169 INFO Step  1300: (per word) training perplexity 187.03 (3.9 iters/sec)
2018-01-29 11:49:44,215 INFO Step  1400: (per word) training perplexity 183.48 (3.9 iters/sec)
2018-01-29 11:50:10,236 INFO Step  1500: (per word) training perplexity 179.47 (3.9 iters/sec)
2018-01-29 11:50:36,358 INFO Step  1600: (per word) training perplexity 174.48 (3.8 iters/sec)
2018-01-29 11:51:02,395 INFO Step  1700: (per word) training perplexity 173.14 (3.9 iters/sec)
2018-01-29 11:51:28,543 INFO Step  1800: (per word) training perplexity 168.85 (3.8 iters/sec)
2018-01-29 11:51:54,639 INFO Step  1900: (per word) training perplexity 166.13 (3.8 iters/sec)
2018-01-29 11:52:20,685 INFO Step  2000: (per word) training perplexity 161.51 (3.9 iters/sec)
2018-01-29 11:52:46,753 INFO Step  2100: (per word) training perplexity 161.24 (3.9 iters/sec)
2018-01-29 11:53:12,767 INFO Step  2200: (per word) training perplexity 155.65 (3.9 iters/sec)
2018-01-29 11:53:38,786 INFO Step  2300: (per word) training perplexity 155.95 (3.9 iters/sec)
2018-01-29 11:54:04,784 INFO Step  2400: (per word) training perplexity 152.92 (3.9 iters/sec)
2018-01-29 11:54:30,767 INFO Step  2500: (per word) training perplexity 150.86 (3.9 iters/sec)
2018-01-29 11:54:56,845 INFO Step  2600: (per word) training perplexity 150.18 (3.8 iters/sec)
2018-01-29 11:55:22,966 INFO Step  2700: (per word) training perplexity 145.28 (3.8 iters/sec)
2018-01-29 11:55:49,081 INFO Step  2800: (per word) training perplexity 144.52 (3.9 iters/sec)
2018-01-29 11:56:15,081 INFO Step  2900: (per word) training perplexity 144.09 (3.9 iters/sec)
2018-01-29 11:56:41,174 INFO Step  3000: (per word) training perplexity 142.44 (3.8 iters/sec)
2018-01-29 11:57:07,228 INFO Step  3100: (per word) training perplexity 140.27 (3.9 iters/sec)
2018-01-29 11:57:33,291 INFO Step  3200: (per word) training perplexity 138.00 (3.9 iters/sec)
2018-01-29 11:57:59,371 INFO Step  3300: (per word) training perplexity 136.57 (3.8 iters/sec)
2018-01-29 11:58:25,345 INFO Step  3400: (per word) training perplexity 136.92 (3.9 iters/sec)
2018-01-29 11:58:51,427 INFO Step  3500: (per word) training perplexity 132.17 (3.8 iters/sec)
2018-01-29 11:59:17,487 INFO Step  3600: (per word) training perplexity 134.97 (3.9 iters/sec)
2018-01-29 11:59:43,519 INFO Step  3700: (per word) training perplexity 132.20 (3.9 iters/sec)
2018-01-29 12:00:09,553 INFO Step  3800: (per word) training perplexity 130.73 (3.9 iters/sec)
2018-01-29 12:00:35,647 INFO Step  3900: (per word) training perplexity 131.60 (3.9 iters/sec)
2018-01-29 12:01:01,774 INFO Step  4000: (per word) training perplexity 129.99 (3.8 iters/sec)
2018-01-29 12:01:27,792 INFO Step  4100: (per word) training perplexity 127.27 (3.9 iters/sec)
2018-01-29 12:01:53,852 INFO Step  4200: (per word) training perplexity 127.51 (3.9 iters/sec)
2018-01-29 12:02:19,876 INFO Step  4300: (per word) training perplexity 126.90 (3.9 iters/sec)
2018-01-29 12:02:45,938 INFO Step  4400: (per word) training perplexity 127.60 (3.9 iters/sec)
2018-01-29 12:03:11,985 INFO Step  4500: (per word) training perplexity 126.83 (3.9 iters/sec)
2018-01-29 12:03:38,090 INFO Step  4600: (per word) training perplexity 125.15 (3.9 iters/sec)
2018-01-29 12:04:04,148 INFO Step  4700: (per word) training perplexity 123.10 (3.9 iters/sec)
2018-01-29 12:04:30,122 INFO Step  4800: (per word) training perplexity 123.62 (3.9 iters/sec)
2018-01-29 12:04:56,179 INFO Step  4900: (per word) training perplexity 122.34 (3.9 iters/sec)
2018-01-29 12:05:22,264 INFO Step  5000: (per word) training perplexity 123.84 (3.8 iters/sec)
2018-01-29 12:05:48,336 INFO Step  5100: (per word) training perplexity 122.05 (3.9 iters/sec)
2018-01-29 12:06:14,231 INFO Step  5200: (per word) training perplexity 120.69 (3.9 iters/sec)
2018-01-29 12:06:40,321 INFO Step  5300: (per word) training perplexity 120.00 (3.8 iters/sec)
2018-01-29 12:07:06,358 INFO Step  5400: (per word) training perplexity 119.00 (3.9 iters/sec)
2018-01-29 12:07:32,321 INFO Step  5500: (per word) training perplexity 121.37 (3.9 iters/sec)
2018-01-29 12:07:58,392 INFO Step  5600: (per word) training perplexity 119.41 (3.9 iters/sec)
2018-01-29 12:08:24,375 INFO Step  5700: (per word) training perplexity 117.96 (3.9 iters/sec)
2018-01-29 12:08:50,374 INFO Step  5800: (per word) training perplexity 116.08 (3.9 iters/sec)
2018-01-29 12:09:16,406 INFO Step  5900: (per word) training perplexity 114.50 (3.9 iters/sec)
2018-01-29 12:09:42,405 INFO Step  6000: (per word) training perplexity 113.47 (3.9 iters/sec)
2018-01-29 12:10:08,496 INFO Step  6100: (per word) training perplexity 115.90 (3.8 iters/sec)
2018-01-29 12:10:34,542 INFO Step  6200: (per word) training perplexity 115.46 (3.9 iters/sec)
2018-01-29 12:11:00,506 INFO Step  6300: (per word) training perplexity 114.12 (3.9 iters/sec)
2018-01-29 12:11:26,463 INFO Step  6400: (per word) training perplexity 114.18 (3.9 iters/sec)
2018-01-29 12:11:52,497 INFO Step  6500: (per word) training perplexity 113.68 (3.9 iters/sec)
2018-01-29 12:12:18,578 INFO Step  6600: (per word) training perplexity 112.92 (3.9 iters/sec)
2018-01-29 12:12:44,653 INFO Step  6700: (per word) training perplexity 112.85 (3.9 iters/sec)
2018-01-29 12:13:10,778 INFO Step  6800: (per word) training perplexity 114.50 (3.8 iters/sec)
2018-01-29 12:13:36,816 INFO Step  6900: (per word) training perplexity 113.85 (3.9 iters/sec)
2018-01-29 12:14:02,823 INFO Step  7000: (per word) training perplexity 111.19 (3.9 iters/sec)
2018-01-29 12:14:28,840 INFO Step  7100: (per word) training perplexity 111.39 (3.9 iters/sec)
2018-01-29 12:14:54,912 INFO Step  7200: (per word) training perplexity 110.61 (3.9 iters/sec)
2018-01-29 12:15:20,935 INFO Step  7300: (per word) training perplexity 112.35 (3.9 iters/sec)
2018-01-29 12:15:46,918 INFO Step  7400: (per word) training perplexity 110.79 (3.9 iters/sec)
2018-01-29 12:16:12,999 INFO Step  7500: (per word) training perplexity 111.66 (3.8 iters/sec)
2018-01-29 12:16:39,076 INFO Step  7600: (per word) training perplexity 109.15 (3.8 iters/sec)
2018-01-29 12:17:05,105 INFO Step  7700: (per word) training perplexity 110.05 (3.9 iters/sec)
2018-01-29 12:17:31,135 INFO Step  7800: (per word) training perplexity 109.96 (3.9 iters/sec)
2018-01-29 12:17:57,198 INFO Step  7900: (per word) training perplexity 108.34 (3.9 iters/sec)
2018-01-29 12:18:23,354 INFO Step  8000: (per word) training perplexity 109.64 (3.8 iters/sec)
2018-01-29 12:18:49,406 INFO Step  8100: (per word) training perplexity 108.05 (3.9 iters/sec)
2018-01-29 12:19:15,376 INFO Step  8200: (per word) training perplexity 108.00 (3.9 iters/sec)
2018-01-29 12:19:41,376 INFO Step  8300: (per word) training perplexity 106.92 (3.9 iters/sec)
2018-01-29 12:20:07,443 INFO Step  8400: (per word) training perplexity 105.60 (3.9 iters/sec)
2018-01-29 12:20:33,417 INFO Step  8500: (per word) training perplexity 108.05 (3.9 iters/sec)
2018-01-29 12:20:59,545 INFO Step  8600: (per word) training perplexity 106.14 (3.9 iters/sec)
2018-01-29 12:21:25,724 INFO Step  8700: (per word) training perplexity 107.08 (3.8 iters/sec)
2018-01-29 12:21:51,702 INFO Step  8800: (per word) training perplexity 106.85 (3.9 iters/sec)
2018-01-29 12:22:17,787 INFO Step  8900: (per word) training perplexity 105.65 (3.9 iters/sec)
2018-01-29 12:22:43,840 INFO Step  9000: (per word) training perplexity 105.48 (3.9 iters/sec)
2018-01-29 12:23:09,936 INFO Step  9100: (per word) training perplexity 105.50 (3.8 iters/sec)
2018-01-29 12:23:36,045 INFO Step  9200: (per word) training perplexity 104.91 (3.8 iters/sec)
2018-01-29 12:24:02,101 INFO Step  9300: (per word) training perplexity 103.43 (3.9 iters/sec)
2018-01-29 12:24:28,090 INFO Step  9400: (per word) training perplexity 105.51 (3.9 iters/sec)
2018-01-29 12:24:54,118 INFO Step  9500: (per word) training perplexity 103.71 (3.9 iters/sec)
2018-01-29 12:25:20,182 INFO Step  9600: (per word) training perplexity 105.57 (3.9 iters/sec)
2018-01-29 12:25:46,247 INFO Step  9700: (per word) training perplexity 104.83 (3.9 iters/sec)
2018-01-29 12:26:12,335 INFO Step  9800: (per word) training perplexity 105.64 (3.8 iters/sec)
2018-01-29 12:26:38,426 INFO Step  9900: (per word) training perplexity 103.73 (3.8 iters/sec)
2018-01-29 12:27:04,412 INFO Step 10000: (per word) training perplexity 102.83 (3.9 iters/sec)
2018-01-29 12:27:30,467 INFO Step 10100: (per word) training perplexity 102.43 (3.9 iters/sec)
2018-01-29 12:27:56,449 INFO Step 10200: (per word) training perplexity 101.89 (3.9 iters/sec)
2018-01-29 12:28:22,495 INFO Step 10300: (per word) training perplexity 102.00 (3.9 iters/sec)
2018-01-29 12:28:48,555 INFO Step 10400: (per word) training perplexity 99.99 (3.9 iters/sec)
2018-01-29 12:29:14,524 INFO Step 10500: (per word) training perplexity 101.31 (3.9 iters/sec)
2018-01-29 12:29:40,596 INFO Step 10600: (per word) training perplexity 102.82 (3.9 iters/sec)
2018-01-29 12:30:06,582 INFO Step 10700: (per word) training perplexity 101.53 (3.9 iters/sec)
2018-01-29 12:30:32,642 INFO Step 10800: (per word) training perplexity 100.99 (3.9 iters/sec)
2018-01-29 12:30:58,649 INFO Step 10900: (per word) training perplexity 102.14 (3.9 iters/sec)
2018-01-29 12:31:24,697 INFO Step 11000: (per word) training perplexity 101.54 (3.9 iters/sec)
2018-01-29 12:31:50,676 INFO Step 11100: (per word) training perplexity 100.74 (3.9 iters/sec)
2018-01-29 12:32:16,756 INFO Step 11200: (per word) training perplexity 101.11 (3.9 iters/sec)
2018-01-29 12:32:42,837 INFO Step 11300: (per word) training perplexity 100.28 (3.9 iters/sec)
2018-01-29 12:33:08,940 INFO Step 11400: (per word) training perplexity 99.44 (3.8 iters/sec)
2018-01-29 12:33:34,987 INFO Step 11500: (per word) training perplexity 99.96 (3.9 iters/sec)
2018-01-29 12:34:01,052 INFO Step 11600: (per word) training perplexity 100.74 (3.9 iters/sec)
2018-01-29 12:34:27,108 INFO Step 11700: (per word) training perplexity 99.44 (3.9 iters/sec)
2018-01-29 12:34:53,162 INFO Step 11800: (per word) training perplexity 98.64 (3.9 iters/sec)
2018-01-29 12:35:19,203 INFO Step 11900: (per word) training perplexity 98.31 (3.9 iters/sec)
2018-01-29 12:35:45,269 INFO Step 12000: (per word) training perplexity 99.09 (3.9 iters/sec)
2018-01-29 12:36:11,256 INFO Step 12100: (per word) training perplexity 98.61 (3.9 iters/sec)
2018-01-29 12:36:37,361 INFO Step 12200: (per word) training perplexity 99.41 (3.8 iters/sec)
2018-01-29 12:37:03,396 INFO Step 12300: (per word) training perplexity 97.33 (3.9 iters/sec)
2018-01-29 12:37:29,524 INFO Step 12400: (per word) training perplexity 99.27 (3.8 iters/sec)
2018-01-29 12:37:55,491 INFO Step 12500: (per word) training perplexity 97.96 (3.9 iters/sec)
2018-01-29 12:38:21,535 INFO Step 12600: (per word) training perplexity 97.49 (3.9 iters/sec)
2018-01-29 12:38:47,553 INFO Step 12700: (per word) training perplexity 99.35 (3.9 iters/sec)
2018-01-29 12:39:13,645 INFO Step 12800: (per word) training perplexity 98.64 (3.8 iters/sec)
2018-01-29 12:39:39,754 INFO Step 12900: (per word) training perplexity 96.34 (3.8 iters/sec)
2018-01-29 12:40:05,754 INFO Step 13000: (per word) training perplexity 97.60 (3.9 iters/sec)
2018-01-29 12:40:31,813 INFO Step 13100: (per word) training perplexity 97.74 (3.9 iters/sec)
2018-01-29 12:40:57,900 INFO Step 13200: (per word) training perplexity 98.00 (3.8 iters/sec)
2018-01-29 12:41:23,955 INFO Step 13300: (per word) training perplexity 98.88 (3.9 iters/sec)
2018-01-29 12:41:50,006 INFO Step 13400: (per word) training perplexity 98.41 (3.9 iters/sec)
2018-01-29 12:42:16,062 INFO Step 13500: (per word) training perplexity 97.08 (3.9 iters/sec)
2018-01-29 12:42:42,146 INFO Step 13600: (per word) training perplexity 95.55 (3.9 iters/sec)
2018-01-29 12:43:08,107 INFO Step 13700: (per word) training perplexity 97.01 (3.9 iters/sec)
2018-01-29 12:43:34,107 INFO Step 13800: (per word) training perplexity 95.72 (3.9 iters/sec)
2018-01-29 12:44:00,116 INFO Step 13900: (per word) training perplexity 94.78 (3.9 iters/sec)
2018-01-29 12:44:26,086 INFO Step 14000: (per word) training perplexity 95.92 (3.9 iters/sec)
2018-01-29 12:44:52,168 INFO Step 14100: (per word) training perplexity 96.37 (3.9 iters/sec)
2018-01-29 12:45:18,168 INFO Step 14200: (per word) training perplexity 96.59 (3.9 iters/sec)
2018-01-29 12:45:44,228 INFO Step 14300: (per word) training perplexity 96.74 (3.9 iters/sec)
2018-01-29 12:46:10,234 INFO Step 14400: (per word) training perplexity 94.51 (3.9 iters/sec)
2018-01-29 12:46:36,272 INFO Step 14500: (per word) training perplexity 96.59 (3.9 iters/sec)
2018-01-29 12:47:02,232 INFO Step 14600: (per word) training perplexity 95.28 (3.9 iters/sec)
2018-01-29 12:47:28,325 INFO Step 14700: (per word) training perplexity 93.87 (3.8 iters/sec)
2018-01-29 12:47:54,444 INFO Step 14800: (per word) training perplexity 94.50 (3.8 iters/sec)
2018-01-29 12:48:20,468 INFO Step 14900: (per word) training perplexity 95.24 (3.9 iters/sec)
2018-01-29 12:48:46,572 INFO Step 15000: (per word) training perplexity 95.44 (3.8 iters/sec)
2018-01-29 12:49:12,606 INFO Step 15100: (per word) training perplexity 93.77 (3.9 iters/sec)
2018-01-29 12:49:38,558 INFO Step 15200: (per word) training perplexity 94.62 (3.9 iters/sec)
2018-01-29 12:50:04,520 INFO Step 15300: (per word) training perplexity 96.22 (3.9 iters/sec)
2018-01-29 12:50:30,592 INFO Step 15400: (per word) training perplexity 95.38 (3.9 iters/sec)
2018-01-29 12:50:56,648 INFO Step 15500: (per word) training perplexity 95.71 (3.9 iters/sec)
2018-01-29 12:51:22,693 INFO Step 15600: (per word) training perplexity 94.24 (3.9 iters/sec)
2018-01-29 12:51:48,848 INFO Step 15700: (per word) training perplexity 94.48 (3.8 iters/sec)
2018-01-29 12:52:14,898 INFO Step 15800: (per word) training perplexity 95.27 (3.9 iters/sec)
2018-01-29 12:52:40,961 INFO Step 15900: (per word) training perplexity 93.45 (3.9 iters/sec)
2018-01-29 12:53:07,073 INFO Step 16000: (per word) training perplexity 93.22 (3.8 iters/sec)
2018-01-29 12:53:33,095 INFO Step 16100: (per word) training perplexity 95.98 (3.9 iters/sec)
2018-01-29 12:53:59,208 INFO Step 16200: (per word) training perplexity 93.26 (3.8 iters/sec)
2018-01-29 12:54:25,274 INFO Step 16300: (per word) training perplexity 94.29 (3.9 iters/sec)
2018-01-29 12:54:51,267 INFO Step 16400: (per word) training perplexity 93.54 (3.9 iters/sec)
2018-01-29 12:55:17,331 INFO Step 16500: (per word) training perplexity 94.36 (3.9 iters/sec)
2018-01-29 12:55:43,394 INFO Step 16600: (per word) training perplexity 93.27 (3.9 iters/sec)
2018-01-29 12:56:09,377 INFO Step 16700: (per word) training perplexity 93.52 (3.9 iters/sec)
2018-01-29 12:56:35,381 INFO Step 16800: (per word) training perplexity 93.89 (3.9 iters/sec)
2018-01-29 12:57:01,378 INFO Step 16900: (per word) training perplexity 93.41 (3.9 iters/sec)
2018-01-29 12:57:27,427 INFO Step 17000: (per word) training perplexity 92.32 (3.9 iters/sec)
2018-01-29 12:57:53,472 INFO Step 17100: (per word) training perplexity 92.01 (3.9 iters/sec)
2018-01-29 12:58:19,360 INFO Step 17200: (per word) training perplexity 92.90 (3.9 iters/sec)
2018-01-29 12:58:45,432 INFO Step 17300: (per word) training perplexity 92.17 (3.9 iters/sec)
2018-01-29 12:59:11,473 INFO Step 17400: (per word) training perplexity 91.98 (3.9 iters/sec)
2018-01-29 12:59:37,496 INFO Step 17500: (per word) training perplexity 92.26 (3.9 iters/sec)
2018-01-29 13:00:03,508 INFO Step 17600: (per word) training perplexity 92.29 (3.9 iters/sec)
2018-01-29 13:00:29,482 INFO Step 17700: (per word) training perplexity 92.00 (3.9 iters/sec)
2018-01-29 13:00:55,472 INFO Step 17800: (per word) training perplexity 92.38 (3.9 iters/sec)
2018-01-29 13:01:21,524 INFO Step 17900: (per word) training perplexity 91.20 (3.9 iters/sec)
2018-01-29 13:01:47,518 INFO Step 18000: (per word) training perplexity 92.03 (3.9 iters/sec)
2018-01-29 13:02:13,540 INFO Step 18100: (per word) training perplexity 93.31 (3.9 iters/sec)
2018-01-29 13:02:39,556 INFO Step 18200: (per word) training perplexity 91.40 (3.9 iters/sec)
2018-01-29 13:03:05,521 INFO Step 18300: (per word) training perplexity 90.34 (3.9 iters/sec)
2018-01-29 13:03:31,537 INFO Step 18400: (per word) training perplexity 91.65 (3.9 iters/sec)
2018-01-29 13:03:57,515 INFO Step 18500: (per word) training perplexity 91.01 (3.9 iters/sec)
2018-01-29 13:04:23,518 INFO Step 18600: (per word) training perplexity 92.17 (3.9 iters/sec)
2018-01-29 13:04:49,554 INFO Step 18700: (per word) training perplexity 92.19 (3.9 iters/sec)
2018-01-29 13:05:15,588 INFO Step 18800: (per word) training perplexity 92.29 (3.9 iters/sec)
2018-01-29 13:05:41,624 INFO Step 18900: (per word) training perplexity 90.48 (3.9 iters/sec)
2018-01-29 13:06:07,660 INFO Step 19000: (per word) training perplexity 91.05 (3.9 iters/sec)
2018-01-29 13:06:33,661 INFO Step 19100: (per word) training perplexity 91.08 (3.9 iters/sec)
2018-01-29 13:06:59,546 INFO Step 19200: (per word) training perplexity 91.72 (3.9 iters/sec)
2018-01-29 13:07:25,547 INFO Step 19300: (per word) training perplexity 90.73 (3.9 iters/sec)
2018-01-29 13:07:51,628 INFO Step 19400: (per word) training perplexity 91.73 (3.8 iters/sec)
2018-01-29 13:08:17,621 INFO Step 19500: (per word) training perplexity 90.40 (3.9 iters/sec)
2018-01-29 13:08:43,644 INFO Step 19600: (per word) training perplexity 89.85 (3.9 iters/sec)
2018-01-29 13:09:09,616 INFO Step 19700: (per word) training perplexity 89.34 (3.9 iters/sec)
2018-01-29 13:09:35,642 INFO Step 19800: (per word) training perplexity 89.50 (3.9 iters/sec)
2018-01-29 13:10:01,772 INFO Step 19900: (per word) training perplexity 91.01 (3.8 iters/sec)
2018-01-29 13:10:28,175 INFO Step 20000: (per word) training perplexity 88.92 (3.8 iters/sec)
2018-01-29 13:10:54,262 INFO Step 20100: (per word) training perplexity 91.30 (3.9 iters/sec)
2018-01-29 13:11:20,356 INFO Step 20200: (per word) training perplexity 88.61 (3.8 iters/sec)
2018-01-29 13:11:46,681 INFO Step 20300: (per word) training perplexity 90.11 (3.8 iters/sec)
2018-01-29 13:12:12,722 INFO Step 20400: (per word) training perplexity 89.40 (3.9 iters/sec)
2018-01-29 13:12:38,727 INFO Step 20500: (per word) training perplexity 90.06 (3.9 iters/sec)
2018-01-29 13:13:05,063 INFO Step 20600: (per word) training perplexity 92.38 (3.8 iters/sec)
2018-01-29 13:13:30,987 INFO Step 20700: (per word) training perplexity 91.17 (3.9 iters/sec)
2018-01-29 13:13:56,967 INFO Step 20800: (per word) training perplexity 89.48 (3.9 iters/sec)
2018-01-29 13:14:23,368 INFO Step 20900: (per word) training perplexity 88.52 (3.8 iters/sec)
2018-01-29 13:14:49,343 INFO Step 21000: (per word) training perplexity 90.28 (3.9 iters/sec)
2018-01-29 13:15:15,366 INFO Step 21100: (per word) training perplexity 89.11 (3.9 iters/sec)
2018-01-29 13:15:41,725 INFO Step 21200: (per word) training perplexity 89.71 (3.8 iters/sec)
2018-01-29 13:16:07,759 INFO Step 21300: (per word) training perplexity 89.01 (3.9 iters/sec)
2018-01-29 13:16:33,746 INFO Step 21400: (per word) training perplexity 90.65 (3.9 iters/sec)
2018-01-29 13:17:00,372 INFO Step 21500: (per word) training perplexity 89.15 (3.8 iters/sec)
2018-01-29 13:17:26,381 INFO Step 21600: (per word) training perplexity 89.82 (3.9 iters/sec)
2018-01-29 13:17:52,366 INFO Step 21700: (per word) training perplexity 89.85 (3.9 iters/sec)
2018-01-29 13:18:18,824 INFO Step 21800: (per word) training perplexity 89.06 (3.8 iters/sec)
2018-01-29 13:18:44,896 INFO Step 21900: (per word) training perplexity 88.97 (3.9 iters/sec)
2018-01-29 13:19:10,889 INFO Step 22000: (per word) training perplexity 89.76 (3.9 iters/sec)
2018-01-29 13:19:37,110 INFO Step 22100: (per word) training perplexity 88.33 (3.8 iters/sec)
2018-01-29 13:20:03,118 INFO Step 22200: (per word) training perplexity 88.79 (3.9 iters/sec)
2018-01-29 13:20:29,202 INFO Step 22300: (per word) training perplexity 89.98 (3.8 iters/sec)
2018-01-29 13:20:55,234 INFO Step 22400: (per word) training perplexity 87.60 (3.9 iters/sec)
2018-01-29 13:21:21,308 INFO Step 22500: (per word) training perplexity 88.63 (3.8 iters/sec)
2018-01-29 13:21:47,281 INFO Step 22600: (per word) training perplexity 87.36 (3.9 iters/sec)
2018-01-29 13:22:13,332 INFO Step 22700: (per word) training perplexity 86.83 (3.9 iters/sec)
2018-01-29 13:22:39,354 INFO Step 22800: (per word) training perplexity 88.71 (3.9 iters/sec)
2018-01-29 13:23:05,382 INFO Step 22900: (per word) training perplexity 88.84 (3.9 iters/sec)
2018-01-29 13:23:31,379 INFO Step 23000: (per word) training perplexity 87.81 (3.9 iters/sec)
2018-01-29 13:23:57,462 INFO Step 23100: (per word) training perplexity 88.30 (3.9 iters/sec)
2018-01-29 13:24:23,439 INFO Step 23200: (per word) training perplexity 87.74 (3.9 iters/sec)
2018-01-29 13:24:49,463 INFO Step 23300: (per word) training perplexity 88.40 (3.9 iters/sec)
2018-01-29 13:25:15,492 INFO Step 23400: (per word) training perplexity 86.63 (3.9 iters/sec)
2018-01-29 13:25:41,404 INFO Step 23500: (per word) training perplexity 87.67 (3.9 iters/sec)
2018-01-29 13:26:07,416 INFO Step 23600: (per word) training perplexity 87.78 (3.9 iters/sec)
2018-01-29 13:26:33,448 INFO Step 23700: (per word) training perplexity 87.60 (3.9 iters/sec)
2018-01-29 13:26:59,399 INFO Step 23800: (per word) training perplexity 87.97 (3.9 iters/sec)
2018-01-29 13:27:25,344 INFO Step 23900: (per word) training perplexity 87.92 (3.9 iters/sec)
2018-01-29 13:27:51,341 INFO Step 24000: (per word) training perplexity 86.81 (3.9 iters/sec)
2018-01-29 13:28:17,377 INFO Step 24100: (per word) training perplexity 88.93 (3.9 iters/sec)
2018-01-29 13:28:43,334 INFO Step 24200: (per word) training perplexity 86.66 (3.9 iters/sec)
2018-01-29 13:29:09,292 INFO Step 24300: (per word) training perplexity 88.01 (3.9 iters/sec)
2018-01-29 13:29:35,351 INFO Step 24400: (per word) training perplexity 88.71 (3.9 iters/sec)
2018-01-29 13:30:01,396 INFO Step 24500: (per word) training perplexity 86.99 (3.9 iters/sec)
2018-01-29 13:30:27,400 INFO Step 24600: (per word) training perplexity 87.88 (3.9 iters/sec)
2018-01-29 13:30:53,305 INFO Step 24700: (per word) training perplexity 88.33 (3.9 iters/sec)
2018-01-29 13:31:19,341 INFO Step 24800: (per word) training perplexity 86.30 (3.9 iters/sec)
2018-01-29 13:31:45,272 INFO Step 24900: (per word) training perplexity 87.87 (3.9 iters/sec)
2018-01-29 13:32:11,312 INFO Step 25000: (per word) training perplexity 87.88 (3.9 iters/sec)
2018-01-29 13:32:37,327 INFO Step 25100: (per word) training perplexity 87.66 (3.9 iters/sec)
2018-01-29 13:33:03,424 INFO Step 25200: (per word) training perplexity 85.36 (3.8 iters/sec)
2018-01-29 13:33:29,443 INFO Step 25300: (per word) training perplexity 85.88 (3.9 iters/sec)
2018-01-29 13:33:55,369 INFO Step 25400: (per word) training perplexity 85.12 (3.9 iters/sec)
2018-01-29 13:34:21,415 INFO Step 25500: (per word) training perplexity 86.33 (3.9 iters/sec)
2018-01-29 13:34:47,400 INFO Step 25600: (per word) training perplexity 85.93 (3.9 iters/sec)
2018-01-29 13:35:13,438 INFO Step 25700: (per word) training perplexity 86.51 (3.9 iters/sec)
2018-01-29 13:35:39,415 INFO Step 25800: (per word) training perplexity 86.52 (3.9 iters/sec)
2018-01-29 13:36:05,423 INFO Step 25900: (per word) training perplexity 85.34 (3.9 iters/sec)
2018-01-29 13:36:31,455 INFO Step 26000: (per word) training perplexity 87.49 (3.9 iters/sec)
2018-01-29 13:36:57,472 INFO Step 26100: (per word) training perplexity 87.16 (3.9 iters/sec)
2018-01-29 13:37:23,487 INFO Step 26200: (per word) training perplexity 85.28 (3.9 iters/sec)
2018-01-29 13:37:49,534 INFO Step 26300: (per word) training perplexity 86.69 (3.9 iters/sec)
2018-01-29 13:38:07,263 INFO ---------------------validating--------------------------
2018-01-29 13:38:07,263 INFO Loading valid data from dataset/weibo/stc_weibo_valid_post and dataset/weibo/stc_weibo_valid_response
2018-01-29 13:38:11,313 INFO ---------------------finish-------------------------
2018-01-29 13:38:11,313 INFO Valid Loss (per case): 66.42 Valid Perplexity (per word): 737.76
2018-01-29 13:38:11,380 INFO Save model (epoch = 0) in exp/weibo/pretrain/2018-01-29-11-43-34
2018-01-29 13:38:11,380 INFO ---------------------training--------------------------
2018-01-29 13:38:11,380 INFO Epoch: 1/10
2018-01-29 13:38:11,722 INFO Step     0: (per word) training perplexity 83.70 (363.7 iters/sec)
2018-01-29 13:38:37,620 INFO Step   100: (per word) training perplexity 87.13 (3.9 iters/sec)
2018-01-29 13:39:03,525 INFO Step   200: (per word) training perplexity 83.95 (3.9 iters/sec)
2018-01-29 13:39:29,544 INFO Step   300: (per word) training perplexity 85.97 (3.9 iters/sec)
2018-01-29 13:39:55,547 INFO Step   400: (per word) training perplexity 84.93 (3.9 iters/sec)
2018-01-29 13:40:21,600 INFO Step   500: (per word) training perplexity 85.55 (3.9 iters/sec)
2018-01-29 13:40:47,648 INFO Step   600: (per word) training perplexity 85.03 (3.9 iters/sec)
2018-01-29 13:41:13,657 INFO Step   700: (per word) training perplexity 85.16 (3.9 iters/sec)
2018-01-29 13:41:39,536 INFO Step   800: (per word) training perplexity 84.87 (3.9 iters/sec)
2018-01-29 13:42:05,520 INFO Step   900: (per word) training perplexity 84.15 (3.9 iters/sec)
2018-01-29 13:42:31,411 INFO Step  1000: (per word) training perplexity 84.47 (3.9 iters/sec)
2018-01-29 13:42:57,426 INFO Step  1100: (per word) training perplexity 83.79 (3.9 iters/sec)
2018-01-29 13:43:23,451 INFO Step  1200: (per word) training perplexity 84.45 (3.9 iters/sec)
2018-01-29 13:43:49,400 INFO Step  1300: (per word) training perplexity 83.04 (3.9 iters/sec)
2018-01-29 13:44:15,373 INFO Step  1400: (per word) training perplexity 83.91 (3.9 iters/sec)
2018-01-29 13:44:41,402 INFO Step  1500: (per word) training perplexity 84.33 (3.9 iters/sec)
2018-01-29 13:45:07,368 INFO Step  1600: (per word) training perplexity 83.08 (3.9 iters/sec)
2018-01-29 13:45:33,357 INFO Step  1700: (per word) training perplexity 83.94 (3.9 iters/sec)
2018-01-29 13:45:59,319 INFO Step  1800: (per word) training perplexity 83.52 (3.9 iters/sec)
2018-01-29 13:46:25,309 INFO Step  1900: (per word) training perplexity 83.31 (3.9 iters/sec)
2018-01-29 13:46:51,277 INFO Step  2000: (per word) training perplexity 82.86 (3.9 iters/sec)
2018-01-29 13:47:17,215 INFO Step  2100: (per word) training perplexity 83.78 (3.9 iters/sec)
2018-01-29 13:47:43,194 INFO Step  2200: (per word) training perplexity 81.87 (3.9 iters/sec)
2018-01-29 13:48:09,203 INFO Step  2300: (per word) training perplexity 83.36 (3.9 iters/sec)
2018-01-29 13:48:35,134 INFO Step  2400: (per word) training perplexity 82.41 (3.9 iters/sec)
2018-01-29 13:49:01,092 INFO Step  2500: (per word) training perplexity 82.68 (3.9 iters/sec)
2018-01-29 13:49:27,046 INFO Step  2600: (per word) training perplexity 83.71 (3.9 iters/sec)
2018-01-29 13:49:53,049 INFO Step  2700: (per word) training perplexity 81.85 (3.9 iters/sec)
2018-01-29 13:50:19,030 INFO Step  2800: (per word) training perplexity 82.60 (3.9 iters/sec)
2018-01-29 13:50:45,030 INFO Step  2900: (per word) training perplexity 83.00 (3.9 iters/sec)
2018-01-29 13:51:11,004 INFO Step  3000: (per word) training perplexity 83.00 (3.9 iters/sec)
2018-01-29 13:51:37,083 INFO Step  3100: (per word) training perplexity 81.99 (3.8 iters/sec)
2018-01-29 13:52:03,021 INFO Step  3200: (per word) training perplexity 81.84 (3.9 iters/sec)
2018-01-29 13:52:28,945 INFO Step  3300: (per word) training perplexity 81.08 (3.9 iters/sec)
2018-01-29 13:52:54,918 INFO Step  3400: (per word) training perplexity 82.10 (3.9 iters/sec)
2018-01-29 13:53:21,002 INFO Step  3500: (per word) training perplexity 80.29 (3.8 iters/sec)
2018-01-29 13:53:46,924 INFO Step  3600: (per word) training perplexity 82.28 (3.9 iters/sec)
2018-01-29 13:54:12,877 INFO Step  3700: (per word) training perplexity 81.18 (3.9 iters/sec)
2018-01-29 13:54:38,899 INFO Step  3800: (per word) training perplexity 80.34 (3.9 iters/sec)
2018-01-29 13:55:04,857 INFO Step  3900: (per word) training perplexity 81.73 (3.9 iters/sec)
2018-01-29 13:55:30,897 INFO Step  4000: (per word) training perplexity 82.11 (3.9 iters/sec)
2018-01-29 13:55:56,869 INFO Step  4100: (per word) training perplexity 80.56 (3.9 iters/sec)
2018-01-29 13:56:22,856 INFO Step  4200: (per word) training perplexity 81.12 (3.9 iters/sec)
2018-01-29 13:56:48,870 INFO Step  4300: (per word) training perplexity 80.90 (3.9 iters/sec)
2018-01-29 13:57:14,967 INFO Step  4400: (per word) training perplexity 82.39 (3.8 iters/sec)
2018-01-29 13:57:40,985 INFO Step  4500: (per word) training perplexity 82.28 (3.9 iters/sec)
2018-01-29 13:58:06,987 INFO Step  4600: (per word) training perplexity 81.65 (3.9 iters/sec)
2018-01-29 13:58:32,929 INFO Step  4700: (per word) training perplexity 80.48 (3.9 iters/sec)
2018-01-29 13:58:58,957 INFO Step  4800: (per word) training perplexity 81.33 (3.9 iters/sec)
2018-01-29 13:59:25,006 INFO Step  4900: (per word) training perplexity 80.98 (3.9 iters/sec)
2018-01-29 13:59:50,994 INFO Step  5000: (per word) training perplexity 82.28 (3.9 iters/sec)
2018-01-29 14:00:17,040 INFO Step  5100: (per word) training perplexity 81.57 (3.9 iters/sec)
2018-01-29 14:00:43,016 INFO Step  5200: (per word) training perplexity 80.76 (3.9 iters/sec)
2018-01-29 14:01:09,035 INFO Step  5300: (per word) training perplexity 80.86 (3.9 iters/sec)
2018-01-29 14:01:35,093 INFO Step  5400: (per word) training perplexity 80.50 (3.9 iters/sec)
2018-01-29 14:02:01,080 INFO Step  5500: (per word) training perplexity 82.37 (3.9 iters/sec)
2018-01-29 14:02:27,099 INFO Step  5600: (per word) training perplexity 81.59 (3.9 iters/sec)
2018-01-29 14:02:53,054 INFO Step  5700: (per word) training perplexity 80.32 (3.9 iters/sec)
2018-01-29 14:03:19,046 INFO Step  5800: (per word) training perplexity 80.01 (3.9 iters/sec)
2018-01-29 14:03:45,050 INFO Step  5900: (per word) training perplexity 78.97 (3.9 iters/sec)
2018-01-29 14:04:11,075 INFO Step  6000: (per word) training perplexity 78.42 (3.9 iters/sec)
2018-01-29 14:04:37,053 INFO Step  6100: (per word) training perplexity 80.67 (3.9 iters/sec)
2018-01-29 14:05:03,047 INFO Step  6200: (per word) training perplexity 80.53 (3.9 iters/sec)
2018-01-29 14:05:29,034 INFO Step  6300: (per word) training perplexity 80.11 (3.9 iters/sec)
2018-01-29 14:05:54,970 INFO Step  6400: (per word) training perplexity 80.44 (3.9 iters/sec)
2018-01-29 14:06:21,049 INFO Step  6500: (per word) training perplexity 79.98 (3.8 iters/sec)
2018-01-29 14:06:47,050 INFO Step  6600: (per word) training perplexity 79.83 (3.9 iters/sec)
2018-01-29 14:07:13,043 INFO Step  6700: (per word) training perplexity 79.90 (3.9 iters/sec)
2018-01-29 14:07:39,100 INFO Step  6800: (per word) training perplexity 81.46 (3.9 iters/sec)
2018-01-29 14:08:05,105 INFO Step  6900: (per word) training perplexity 81.40 (3.9 iters/sec)
2018-01-29 14:08:31,187 INFO Step  7000: (per word) training perplexity 79.29 (3.8 iters/sec)
2018-01-29 14:08:57,174 INFO Step  7100: (per word) training perplexity 80.14 (3.9 iters/sec)
2018-01-29 14:09:23,213 INFO Step  7200: (per word) training perplexity 79.35 (3.9 iters/sec)
2018-01-29 14:09:49,241 INFO Step  7300: (per word) training perplexity 81.36 (3.9 iters/sec)
2018-01-29 14:10:15,216 INFO Step  7400: (per word) training perplexity 79.84 (3.9 iters/sec)
2018-01-29 14:10:41,239 INFO Step  7500: (per word) training perplexity 81.15 (3.9 iters/sec)
2018-01-29 14:11:07,240 INFO Step  7600: (per word) training perplexity 79.59 (3.9 iters/sec)
2018-01-29 14:11:33,212 INFO Step  7700: (per word) training perplexity 80.32 (3.9 iters/sec)
2018-01-29 14:11:59,294 INFO Step  7800: (per word) training perplexity 80.38 (3.8 iters/sec)
2018-01-29 14:12:25,401 INFO Step  7900: (per word) training perplexity 79.73 (3.9 iters/sec)
2018-01-29 14:12:51,455 INFO Step  8000: (per word) training perplexity 80.58 (3.9 iters/sec)
2018-01-29 14:13:17,408 INFO Step  8100: (per word) training perplexity 79.55 (3.9 iters/sec)
2018-01-29 14:13:43,356 INFO Step  8200: (per word) training perplexity 79.50 (3.9 iters/sec)
2018-01-29 14:14:09,330 INFO Step  8300: (per word) training perplexity 79.44 (3.9 iters/sec)
2018-01-29 14:14:35,333 INFO Step  8400: (per word) training perplexity 78.00 (3.9 iters/sec)
2018-01-29 14:15:01,247 INFO Step  8500: (per word) training perplexity 80.33 (3.9 iters/sec)
2018-01-29 14:15:27,235 INFO Step  8600: (per word) training perplexity 79.47 (3.9 iters/sec)
2018-01-29 14:15:53,316 INFO Step  8700: (per word) training perplexity 79.83 (3.9 iters/sec)
2018-01-29 14:16:19,272 INFO Step  8800: (per word) training perplexity 80.10 (3.9 iters/sec)
2018-01-29 14:16:45,304 INFO Step  8900: (per word) training perplexity 79.33 (3.9 iters/sec)
2018-01-29 14:17:11,254 INFO Step  9000: (per word) training perplexity 79.41 (3.9 iters/sec)
2018-01-29 14:17:37,209 INFO Step  9100: (per word) training perplexity 79.22 (3.9 iters/sec)
2018-01-29 14:18:03,219 INFO Step  9200: (per word) training perplexity 79.34 (3.9 iters/sec)
2018-01-29 14:18:29,228 INFO Step  9300: (per word) training perplexity 78.10 (3.9 iters/sec)
2018-01-29 14:18:55,140 INFO Step  9400: (per word) training perplexity 79.93 (3.9 iters/sec)
2018-01-29 14:19:21,150 INFO Step  9500: (per word) training perplexity 78.63 (3.9 iters/sec)
2018-01-29 14:19:47,173 INFO Step  9600: (per word) training perplexity 80.35 (3.9 iters/sec)
2018-01-29 14:20:13,102 INFO Step  9700: (per word) training perplexity 79.83 (3.9 iters/sec)
2018-01-29 14:20:39,104 INFO Step  9800: (per word) training perplexity 80.52 (3.9 iters/sec)
2018-01-29 14:21:05,082 INFO Step  9900: (per word) training perplexity 79.42 (3.9 iters/sec)
2018-01-29 14:21:30,949 INFO Step 10000: (per word) training perplexity 78.40 (3.9 iters/sec)
2018-01-29 14:21:56,976 INFO Step 10100: (per word) training perplexity 78.74 (3.9 iters/sec)
2018-01-29 14:22:22,932 INFO Step 10200: (per word) training perplexity 78.01 (3.9 iters/sec)
2018-01-29 14:22:49,004 INFO Step 10300: (per word) training perplexity 78.17 (3.8 iters/sec)
2018-01-29 14:23:14,997 INFO Step 10400: (per word) training perplexity 76.97 (3.9 iters/sec)
2018-01-29 14:23:40,916 INFO Step 10500: (per word) training perplexity 77.89 (3.9 iters/sec)
2018-01-29 14:24:06,967 INFO Step 10600: (per word) training perplexity 79.73 (3.9 iters/sec)
2018-01-29 14:24:32,870 INFO Step 10700: (per word) training perplexity 78.72 (3.9 iters/sec)
2018-01-29 14:24:58,866 INFO Step 10800: (per word) training perplexity 78.24 (3.9 iters/sec)
2018-01-29 14:25:24,833 INFO Step 10900: (per word) training perplexity 79.44 (3.9 iters/sec)
2018-01-29 14:25:50,897 INFO Step 11000: (per word) training perplexity 79.30 (3.9 iters/sec)
2018-01-29 14:26:16,834 INFO Step 11100: (per word) training perplexity 78.25 (3.9 iters/sec)
2018-01-29 14:26:42,756 INFO Step 11200: (per word) training perplexity 78.75 (3.9 iters/sec)
2018-01-29 14:27:08,810 INFO Step 11300: (per word) training perplexity 78.58 (3.9 iters/sec)
2018-01-29 14:27:34,846 INFO Step 11400: (per word) training perplexity 77.95 (3.9 iters/sec)
2018-01-29 14:28:00,829 INFO Step 11500: (per word) training perplexity 78.28 (3.9 iters/sec)
2018-01-29 14:28:26,814 INFO Step 11600: (per word) training perplexity 79.12 (3.9 iters/sec)
2018-01-29 14:28:52,813 INFO Step 11700: (per word) training perplexity 78.35 (3.9 iters/sec)
2018-01-29 14:29:18,806 INFO Step 11800: (per word) training perplexity 77.83 (3.9 iters/sec)
2018-01-29 14:29:44,804 INFO Step 11900: (per word) training perplexity 77.43 (3.9 iters/sec)
2018-01-29 14:30:10,822 INFO Step 12000: (per word) training perplexity 78.11 (3.9 iters/sec)
2018-01-29 14:30:36,762 INFO Step 12100: (per word) training perplexity 77.97 (3.9 iters/sec)
2018-01-29 14:31:02,779 INFO Step 12200: (per word) training perplexity 78.48 (3.9 iters/sec)
2018-01-29 14:31:28,725 INFO Step 12300: (per word) training perplexity 77.19 (3.9 iters/sec)
2018-01-29 14:31:54,809 INFO Step 12400: (per word) training perplexity 78.82 (3.9 iters/sec)
2018-01-29 14:32:20,758 INFO Step 12500: (per word) training perplexity 77.78 (3.9 iters/sec)
2018-01-29 14:32:46,773 INFO Step 12600: (per word) training perplexity 77.37 (3.9 iters/sec)
2018-01-29 14:33:12,757 INFO Step 12700: (per word) training perplexity 78.68 (3.9 iters/sec)
2018-01-29 14:33:38,798 INFO Step 12800: (per word) training perplexity 78.68 (3.9 iters/sec)
2018-01-29 14:34:04,958 INFO Step 12900: (per word) training perplexity 76.96 (3.8 iters/sec)
2018-01-29 14:34:30,988 INFO Step 13000: (per word) training perplexity 78.02 (3.9 iters/sec)
2018-01-29 14:34:57,137 INFO Step 13100: (per word) training perplexity 78.29 (3.8 iters/sec)
2018-01-29 14:35:23,201 INFO Step 13200: (per word) training perplexity 78.61 (3.9 iters/sec)
2018-01-29 14:35:49,342 INFO Step 13300: (per word) training perplexity 79.34 (3.8 iters/sec)
2018-01-29 14:36:15,436 INFO Step 13400: (per word) training perplexity 79.10 (3.8 iters/sec)
2018-01-29 14:36:41,511 INFO Step 13500: (per word) training perplexity 78.15 (3.8 iters/sec)
2018-01-29 14:37:07,614 INFO Step 13600: (per word) training perplexity 76.83 (3.8 iters/sec)
2018-01-29 14:37:33,572 INFO Step 13700: (per word) training perplexity 78.33 (3.9 iters/sec)
2018-01-29 14:37:59,615 INFO Step 13800: (per word) training perplexity 77.29 (3.9 iters/sec)
2018-01-29 14:38:25,625 INFO Step 13900: (per word) training perplexity 76.53 (3.9 iters/sec)
2018-01-29 14:38:51,694 INFO Step 14000: (per word) training perplexity 77.62 (3.9 iters/sec)
2018-01-29 14:39:17,779 INFO Step 14100: (per word) training perplexity 77.90 (3.8 iters/sec)
2018-01-29 14:39:43,807 INFO Step 14200: (per word) training perplexity 78.32 (3.9 iters/sec)
2018-01-29 14:40:09,935 INFO Step 14300: (per word) training perplexity 78.00 (3.8 iters/sec)
2018-01-29 14:40:35,954 INFO Step 14400: (per word) training perplexity 76.87 (3.9 iters/sec)
2018-01-29 14:41:01,989 INFO Step 14500: (per word) training perplexity 78.65 (3.9 iters/sec)
2018-01-29 14:41:28,047 INFO Step 14600: (per word) training perplexity 77.93 (3.9 iters/sec)
2018-01-29 14:41:54,256 INFO Step 14700: (per word) training perplexity 76.43 (3.8 iters/sec)
2018-01-29 14:42:20,520 INFO Step 14800: (per word) training perplexity 76.76 (3.8 iters/sec)
2018-01-29 14:42:46,636 INFO Step 14900: (per word) training perplexity 77.85 (3.8 iters/sec)
2018-01-29 14:43:12,776 INFO Step 15000: (per word) training perplexity 77.92 (3.8 iters/sec)
2018-01-29 14:43:38,867 INFO Step 15100: (per word) training perplexity 76.68 (3.8 iters/sec)
2018-01-29 14:44:04,935 INFO Step 15200: (per word) training perplexity 77.13 (3.9 iters/sec)
2018-01-29 14:44:30,974 INFO Step 15300: (per word) training perplexity 78.64 (3.9 iters/sec)
2018-01-29 14:44:57,111 INFO Step 15400: (per word) training perplexity 78.08 (3.8 iters/sec)
2018-01-29 14:45:23,672 INFO Step 15500: (per word) training perplexity 78.30 (3.8 iters/sec)
2018-01-29 14:45:49,762 INFO Step 15600: (per word) training perplexity 77.50 (3.8 iters/sec)
2018-01-29 14:46:15,939 INFO Step 15700: (per word) training perplexity 77.71 (3.8 iters/sec)
2018-01-29 14:46:42,075 INFO Step 15800: (per word) training perplexity 78.28 (3.8 iters/sec)
2018-01-29 14:47:08,281 INFO Step 15900: (per word) training perplexity 76.88 (3.8 iters/sec)
2018-01-29 14:47:34,426 INFO Step 16000: (per word) training perplexity 76.76 (3.8 iters/sec)
2018-01-29 14:48:00,525 INFO Step 16100: (per word) training perplexity 78.89 (3.8 iters/sec)
2018-01-29 14:48:26,704 INFO Step 16200: (per word) training perplexity 77.07 (3.8 iters/sec)
2018-01-29 14:48:52,977 INFO Step 16300: (per word) training perplexity 77.66 (3.8 iters/sec)
2018-01-29 14:49:19,168 INFO Step 16400: (per word) training perplexity 77.40 (3.8 iters/sec)
2018-01-29 14:49:45,423 INFO Step 16500: (per word) training perplexity 78.08 (3.8 iters/sec)
2018-01-29 14:50:11,547 INFO Step 16600: (per word) training perplexity 76.98 (3.8 iters/sec)
2018-01-29 14:50:37,637 INFO Step 16700: (per word) training perplexity 77.44 (3.8 iters/sec)
2018-01-29 14:51:03,809 INFO Step 16800: (per word) training perplexity 77.74 (3.8 iters/sec)
2018-01-29 14:51:29,946 INFO Step 16900: (per word) training perplexity 77.17 (3.8 iters/sec)
2018-01-29 14:51:56,084 INFO Step 17000: (per word) training perplexity 76.65 (3.8 iters/sec)
2018-01-29 14:52:22,259 INFO Step 17100: (per word) training perplexity 76.37 (3.8 iters/sec)
2018-01-29 14:52:48,260 INFO Step 17200: (per word) training perplexity 77.14 (3.9 iters/sec)
2018-01-29 14:53:14,421 INFO Step 17300: (per word) training perplexity 76.92 (3.8 iters/sec)
2018-01-29 14:53:40,542 INFO Step 17400: (per word) training perplexity 76.35 (3.8 iters/sec)
2018-01-29 14:54:06,640 INFO Step 17500: (per word) training perplexity 76.74 (3.8 iters/sec)
2018-01-29 14:54:32,850 INFO Step 17600: (per word) training perplexity 76.71 (3.8 iters/sec)
2018-01-29 14:54:58,982 INFO Step 17700: (per word) training perplexity 76.66 (3.8 iters/sec)
2018-01-29 14:55:25,082 INFO Step 17800: (per word) training perplexity 77.16 (3.8 iters/sec)
2018-01-29 14:55:51,233 INFO Step 17900: (per word) training perplexity 76.44 (3.8 iters/sec)
2018-01-29 14:56:17,381 INFO Step 18000: (per word) training perplexity 76.79 (3.8 iters/sec)
2018-01-29 14:56:43,488 INFO Step 18100: (per word) training perplexity 77.77 (3.8 iters/sec)
2018-01-29 14:57:09,628 INFO Step 18200: (per word) training perplexity 76.54 (3.8 iters/sec)
2018-01-29 14:57:35,802 INFO Step 18300: (per word) training perplexity 75.95 (3.8 iters/sec)
2018-01-29 14:58:01,912 INFO Step 18400: (per word) training perplexity 76.99 (3.8 iters/sec)
2018-01-29 14:58:28,024 INFO Step 18500: (per word) training perplexity 76.29 (3.8 iters/sec)
2018-01-29 14:58:54,131 INFO Step 18600: (per word) training perplexity 77.50 (3.8 iters/sec)
2018-01-29 14:59:20,267 INFO Step 18700: (per word) training perplexity 77.47 (3.8 iters/sec)
2018-01-29 14:59:46,403 INFO Step 18800: (per word) training perplexity 77.47 (3.8 iters/sec)
2018-01-29 15:00:12,578 INFO Step 18900: (per word) training perplexity 75.85 (3.8 iters/sec)
2018-01-29 15:00:38,841 INFO Step 19000: (per word) training perplexity 76.70 (3.8 iters/sec)
2018-01-29 15:01:04,987 INFO Step 19100: (per word) training perplexity 76.72 (3.8 iters/sec)
2018-01-29 15:01:30,977 INFO Step 19200: (per word) training perplexity 77.17 (3.9 iters/sec)
2018-01-29 15:01:57,050 INFO Step 19300: (per word) training perplexity 76.55 (3.9 iters/sec)
2018-01-29 15:02:23,122 INFO Step 19400: (per word) training perplexity 77.53 (3.8 iters/sec)
2018-01-29 15:02:49,158 INFO Step 19500: (per word) training perplexity 76.35 (3.9 iters/sec)
2018-01-29 15:03:15,221 INFO Step 19600: (per word) training perplexity 75.73 (3.9 iters/sec)
2018-01-29 15:03:41,265 INFO Step 19700: (per word) training perplexity 75.49 (3.9 iters/sec)
2018-01-29 15:04:07,336 INFO Step 19800: (per word) training perplexity 75.46 (3.8 iters/sec)
2018-01-29 15:04:33,494 INFO Step 19900: (per word) training perplexity 77.13 (3.8 iters/sec)
2018-01-29 15:04:59,564 INFO Step 20000: (per word) training perplexity 75.21 (3.8 iters/sec)
2018-01-29 15:05:25,674 INFO Step 20100: (per word) training perplexity 77.16 (3.8 iters/sec)
2018-01-29 15:05:51,803 INFO Step 20200: (per word) training perplexity 75.17 (3.8 iters/sec)
2018-01-29 15:06:17,926 INFO Step 20300: (per word) training perplexity 76.45 (3.8 iters/sec)
2018-01-29 15:06:44,043 INFO Step 20400: (per word) training perplexity 75.73 (3.8 iters/sec)
2018-01-29 15:07:10,104 INFO Step 20500: (per word) training perplexity 76.32 (3.9 iters/sec)
2018-01-29 15:07:36,192 INFO Step 20600: (per word) training perplexity 78.28 (3.8 iters/sec)
2018-01-29 15:08:02,183 INFO Step 20700: (per word) training perplexity 77.37 (3.9 iters/sec)
2018-01-29 15:08:28,208 INFO Step 20800: (per word) training perplexity 76.29 (3.9 iters/sec)
2018-01-29 15:08:54,249 INFO Step 20900: (per word) training perplexity 75.20 (3.9 iters/sec)
2018-01-29 15:09:20,300 INFO Step 21000: (per word) training perplexity 76.69 (3.9 iters/sec)
2018-01-29 15:09:46,403 INFO Step 21100: (per word) training perplexity 75.94 (3.8 iters/sec)
2018-01-29 15:10:12,516 INFO Step 21200: (per word) training perplexity 76.63 (3.8 iters/sec)
2018-01-29 15:10:38,632 INFO Step 21300: (per word) training perplexity 75.84 (3.8 iters/sec)
2018-01-29 15:11:04,689 INFO Step 21400: (per word) training perplexity 77.34 (3.9 iters/sec)
2018-01-29 15:11:30,796 INFO Step 21500: (per word) training perplexity 76.29 (3.8 iters/sec)
2018-01-29 15:11:56,916 INFO Step 21600: (per word) training perplexity 76.72 (3.8 iters/sec)
2018-01-29 15:12:22,977 INFO Step 21700: (per word) training perplexity 76.74 (3.9 iters/sec)
2018-01-29 15:12:49,068 INFO Step 21800: (per word) training perplexity 76.30 (3.8 iters/sec)
2018-01-29 15:13:15,176 INFO Step 21900: (per word) training perplexity 76.36 (3.8 iters/sec)
2018-01-29 15:13:41,291 INFO Step 22000: (per word) training perplexity 76.66 (3.8 iters/sec)
2018-01-29 15:14:07,338 INFO Step 22100: (per word) training perplexity 75.68 (3.9 iters/sec)
2018-01-29 15:14:33,405 INFO Step 22200: (per word) training perplexity 76.19 (3.8 iters/sec)
2018-01-29 15:14:59,574 INFO Step 22300: (per word) training perplexity 77.10 (3.8 iters/sec)
2018-01-29 15:15:25,669 INFO Step 22400: (per word) training perplexity 75.18 (3.8 iters/sec)
2018-01-29 15:15:51,859 INFO Step 22500: (per word) training perplexity 75.90 (3.8 iters/sec)
2018-01-29 15:16:17,911 INFO Step 22600: (per word) training perplexity 75.01 (3.9 iters/sec)
2018-01-29 15:16:43,992 INFO Step 22700: (per word) training perplexity 74.61 (3.8 iters/sec)
2018-01-29 15:17:10,074 INFO Step 22800: (per word) training perplexity 76.19 (3.8 iters/sec)
2018-01-29 15:17:36,185 INFO Step 22900: (per word) training perplexity 76.33 (3.8 iters/sec)
2018-01-29 15:18:02,263 INFO Step 23000: (per word) training perplexity 75.47 (3.8 iters/sec)
2018-01-29 15:18:28,380 INFO Step 23100: (per word) training perplexity 75.90 (3.8 iters/sec)
2018-01-29 15:18:54,405 INFO Step 23200: (per word) training perplexity 75.59 (3.9 iters/sec)
2018-01-29 15:19:20,505 INFO Step 23300: (per word) training perplexity 76.29 (3.8 iters/sec)
2018-01-29 15:19:46,594 INFO Step 23400: (per word) training perplexity 74.72 (3.8 iters/sec)
2018-01-29 15:20:12,570 INFO Step 23500: (per word) training perplexity 75.55 (3.9 iters/sec)
2018-01-29 15:20:38,699 INFO Step 23600: (per word) training perplexity 75.51 (3.8 iters/sec)
2018-01-29 15:21:04,838 INFO Step 23700: (per word) training perplexity 75.65 (3.8 iters/sec)
2018-01-29 15:21:30,912 INFO Step 23800: (per word) training perplexity 75.95 (3.9 iters/sec)
2018-01-29 15:21:56,973 INFO Step 23900: (per word) training perplexity 75.83 (3.9 iters/sec)
2018-01-29 15:22:23,065 INFO Step 24000: (per word) training perplexity 75.21 (3.8 iters/sec)
2018-01-29 15:22:49,221 INFO Step 24100: (per word) training perplexity 77.09 (3.8 iters/sec)
2018-01-29 15:23:15,284 INFO Step 24200: (per word) training perplexity 75.00 (3.9 iters/sec)
2018-01-29 15:23:41,351 INFO Step 24300: (per word) training perplexity 76.03 (3.9 iters/sec)
2018-01-29 15:24:07,531 INFO Step 24400: (per word) training perplexity 76.75 (3.8 iters/sec)
2018-01-29 15:24:33,703 INFO Step 24500: (per word) training perplexity 75.36 (3.8 iters/sec)
2018-01-29 15:24:59,805 INFO Step 24600: (per word) training perplexity 76.20 (3.8 iters/sec)
2018-01-29 15:25:25,817 INFO Step 24700: (per word) training perplexity 76.51 (3.9 iters/sec)
2018-01-29 15:25:51,944 INFO Step 24800: (per word) training perplexity 74.95 (3.8 iters/sec)
2018-01-29 15:26:18,019 INFO Step 24900: (per word) training perplexity 76.19 (3.9 iters/sec)
2018-01-29 15:26:44,135 INFO Step 25000: (per word) training perplexity 76.50 (3.8 iters/sec)
2018-01-29 15:27:10,217 INFO Step 25100: (per word) training perplexity 75.97 (3.8 iters/sec)
2018-01-29 15:27:36,379 INFO Step 25200: (per word) training perplexity 74.03 (3.8 iters/sec)
2018-01-29 15:28:02,486 INFO Step 25300: (per word) training perplexity 74.82 (3.8 iters/sec)
2018-01-29 15:28:28,497 INFO Step 25400: (per word) training perplexity 73.98 (3.9 iters/sec)
2018-01-29 15:28:54,619 INFO Step 25500: (per word) training perplexity 75.15 (3.8 iters/sec)
2018-01-29 15:29:20,682 INFO Step 25600: (per word) training perplexity 74.77 (3.9 iters/sec)
2018-01-29 15:29:46,793 INFO Step 25700: (per word) training perplexity 75.37 (3.8 iters/sec)
2018-01-29 15:30:12,848 INFO Step 25800: (per word) training perplexity 75.39 (3.9 iters/sec)
2018-01-29 15:30:38,884 INFO Step 25900: (per word) training perplexity 74.45 (3.9 iters/sec)
2018-01-29 15:31:05,001 INFO Step 26000: (per word) training perplexity 76.36 (3.8 iters/sec)
2018-01-29 15:31:31,102 INFO Step 26100: (per word) training perplexity 75.69 (3.8 iters/sec)
2018-01-29 15:31:57,204 INFO Step 26200: (per word) training perplexity 74.29 (3.8 iters/sec)
2018-01-29 15:32:23,298 INFO Step 26300: (per word) training perplexity 75.55 (3.8 iters/sec)
2018-01-29 15:32:41,097 INFO ---------------------validating--------------------------
2018-01-29 15:32:41,097 INFO Loading valid data from dataset/weibo/stc_weibo_valid_post and dataset/weibo/stc_weibo_valid_response
2018-01-29 15:32:45,198 INFO ---------------------finish-------------------------
2018-01-29 15:32:45,198 INFO Valid Loss (per case): 66.21 Valid Perplexity (per word): 723.00
2018-01-29 15:32:45,268 INFO Save model (epoch = 1) in exp/weibo/pretrain/2018-01-29-11-43-34
2018-01-29 15:32:45,268 INFO ---------------------training--------------------------
2018-01-29 15:32:45,268 INFO Epoch: 2/10
2018-01-29 15:32:45,607 INFO Step     0: (per word) training perplexity 73.76 (364.1 iters/sec)
2018-01-29 15:33:11,687 INFO Step   100: (per word) training perplexity 76.19 (3.8 iters/sec)
2018-01-29 15:33:37,660 INFO Step   200: (per word) training perplexity 73.45 (3.9 iters/sec)
2018-01-29 15:34:03,738 INFO Step   300: (per word) training perplexity 75.35 (3.8 iters/sec)
2018-01-29 15:34:29,786 INFO Step   400: (per word) training perplexity 74.33 (3.9 iters/sec)
2018-01-29 15:34:55,943 INFO Step   500: (per word) training perplexity 75.20 (3.8 iters/sec)
2018-01-29 15:35:22,113 INFO Step   600: (per word) training perplexity 74.85 (3.8 iters/sec)
2018-01-29 15:35:48,268 INFO Step   700: (per word) training perplexity 74.92 (3.8 iters/sec)
2018-01-29 15:36:14,269 INFO Step   800: (per word) training perplexity 74.92 (3.9 iters/sec)
2018-01-29 15:36:40,343 INFO Step   900: (per word) training perplexity 74.22 (3.9 iters/sec)
2018-01-29 15:37:06,389 INFO Step  1000: (per word) training perplexity 74.63 (3.9 iters/sec)
2018-01-29 15:37:32,503 INFO Step  1100: (per word) training perplexity 74.27 (3.8 iters/sec)
2018-01-29 15:37:58,680 INFO Step  1200: (per word) training perplexity 74.79 (3.8 iters/sec)
2018-01-29 15:38:24,664 INFO Step  1300: (per word) training perplexity 73.56 (3.9 iters/sec)
2018-01-29 15:38:50,756 INFO Step  1400: (per word) training perplexity 74.49 (3.8 iters/sec)
2018-01-29 15:39:16,928 INFO Step  1500: (per word) training perplexity 74.81 (3.8 iters/sec)
2018-01-29 15:39:43,048 INFO Step  1600: (per word) training perplexity 73.79 (3.8 iters/sec)
2018-01-29 15:40:09,152 INFO Step  1700: (per word) training perplexity 74.51 (3.8 iters/sec)
2018-01-29 15:40:35,315 INFO Step  1800: (per word) training perplexity 74.35 (3.8 iters/sec)
2018-01-29 15:41:01,456 INFO Step  1900: (per word) training perplexity 74.14 (3.8 iters/sec)
2018-01-29 15:41:27,591 INFO Step  2000: (per word) training perplexity 73.69 (3.8 iters/sec)
2018-01-29 15:41:53,656 INFO Step  2100: (per word) training perplexity 74.44 (3.8 iters/sec)
2018-01-29 15:42:19,705 INFO Step  2200: (per word) training perplexity 72.87 (3.9 iters/sec)
2018-01-29 15:42:45,833 INFO Step  2300: (per word) training perplexity 74.30 (3.8 iters/sec)
2018-01-29 15:43:11,890 INFO Step  2400: (per word) training perplexity 73.59 (3.9 iters/sec)
2018-01-29 15:43:37,948 INFO Step  2500: (per word) training perplexity 73.70 (3.9 iters/sec)
2018-01-29 15:44:03,972 INFO Step  2600: (per word) training perplexity 74.61 (3.9 iters/sec)
2018-01-29 15:44:30,068 INFO Step  2700: (per word) training perplexity 73.12 (3.8 iters/sec)
2018-01-29 15:44:56,185 INFO Step  2800: (per word) training perplexity 73.98 (3.8 iters/sec)
2018-01-29 15:45:22,241 INFO Step  2900: (per word) training perplexity 74.28 (3.9 iters/sec)
2018-01-29 15:45:48,337 INFO Step  3000: (per word) training perplexity 74.18 (3.8 iters/sec)
2018-01-29 15:46:14,509 INFO Step  3100: (per word) training perplexity 73.26 (3.8 iters/sec)
2018-01-29 15:46:40,524 INFO Step  3200: (per word) training perplexity 73.31 (3.9 iters/sec)
2018-01-29 15:47:06,578 INFO Step  3300: (per word) training perplexity 72.57 (3.9 iters/sec)
2018-01-29 15:47:32,666 INFO Step  3400: (per word) training perplexity 73.69 (3.8 iters/sec)
